

Microchip Technology PIC LITE Macro Assembler V2.00 build -1524193055 
                                                                                               Mon Sep 03 00:56:34 2018

Microchip Technology Omniscient Code Generator v2.00 (Free mode) build 20180527130849
     1  0000                     
      + 0000                     
     2                           ; Version 2.00
     3                           ; Generated 27/05/2018 GMT
     4                           
     5                           ; 
     6                           ; Copyright © 2018, Microchip Technology Inc. and its subsidiaries ("Microchip")
     7                           ; All rights reserved.
     8                           ; 
     9                           ; This software is developed by Microchip Technology Inc. and its subsidiaries ("Microch
                                 ip").
    10                           ; 
    11                           ; Redistribution and use in source and binary forms, with or without modification, are
    12                           ; permitted provided that the following conditions are met:
    13                           ; 
    14                           ;     1. Redistributions of source code must retain the above copyright notice, this lis
                                 t of
    15                           ;        conditions and the following disclaimer.
    16                           ; 
    17                           ;     2. Redistributions in binary form must reproduce the above copyright notice, this 
                                 list
    18                           ;        of conditions and the following disclaimer in the documentation and/or other
    19                           ;        materials provided with the distribution.
    20                           ; 
    21                           ;     3. Microchip's name may not be used to endorse or promote products derived from th
                                 is
    22                           ;        software without specific prior written permission.
    23                           ; 
    24                           ; THIS SOFTWARE IS PROVIDED BY MICROCHIP "AS IS" AND ANY EXPRESS OR IMPLIED WARRANTIES,

    25                           ; INCLUDING, BUT NOT LIMITED TO, THE IMPLIED WARRANTIES OF MERCHANTABILITY AND FITNESS F
                                 OR
    26                           ; PURPOSE ARE DISCLAIMED.  IN NO EVENT SHALL MICROCHIP BE LIABLE FOR ANY DIRECT, INDIREC
                                 T,
    27                           ; INCIDENTAL, SPECIAL, EXEMPLARY, OR CONSEQUENTIAL DAMAGES (INCLUDING BUT NOT LIMITED TO
                                 
    28                           ; PROCUREMENT OF SUBSTITUTE GOODS OR SERVICES; LOSS OF USE, DATA OR PROFITS; OR BUSINESS
                                 
    29                           ; INTERRUPTION) HOWSOEVER CAUSED AND ON ANY THEORY OF LIABILITY, WHETHER IN CONTRACT, ST
                                 RICT
    30                           ; LIABILITY, OR TORT (INCLUDING NEGLIGENCE OR OTHERWISE) ARISING IN ANY WAY OUT OF THE U
                                 SE OF
    31                           ; THIS SOFTWARE, EVEN IF ADVISED OF THE POSSIBILITY OF SUCH DAMAGE.
    32                           ; 
    33                           
    34                           
    35                           ; 
    36                           ; Code-generator required, PIC16F877 Definitions
    37                           ; 
    38  0004                     fsr0 equ 04h
    39  0004                     indf equ 00h
    40  0000                     indf0 equ 00h
    41  0000                     pc equ 02h
    42  0002                     pcl equ 02h
    43  0002                     pclath equ 0Ah
    44  000A                     status equ 03h
    45  0003                     
     2                           opt pagewidth 120
     3  0000                     byte0	macro	val
     4                           	(getbyte(val,0))
     5                           endm
     6  0000                     byte1	macro	val
     7                           	(getbyte(val,1))
     8                           endm
     9  0000                     byte2	macro	val
    10                           	(getbyte(val,2))
    11                           endm
    12  0000                     byte3	macro	val
    13                           	(getbyte(val,3))
    14                           endm
    15  0000                     byte4	macro	val
    16                           	(getbyte(val,4))
    17                           endm
    18  0000                     byte5	macro	val
    19                           	(getbyte(val,5))
    20                           endm
    21  0000                     byte6	macro	val
    22                           	(getbyte(val,6))
    23                           endm
    24  0000                     byte7	macro	val
    25                           	(getbyte(val,7))
    26                           endm
    27  0000                     getword	macro	val,pos
    28                           	(((val) >> (8 * pos)) and 0xffff)
    29                           endm
    30  0000                     word0	macro	val
    31                           	(getword(val,0))
    32                           endm
    33  0000                     word1	macro	val
    34                           	(getword(val,2))
    35                           endm
    36  0000                     word2	macro	val
    37                           	(getword(val,4))
    38                           endm
    39  0000                     word3	macro	val
    40                           	(getword(val,6))
    41                           endm
    42  0000                     gettword	macro	val,pos
    43                           	(((val) >> (8 * pos)) and 0xffffff)
    44                           endm
    45  0000                     tword0	macro	val
    46                           	(gettword(val,0))
    47                           endm
    48  0000                     tword1	macro	val
    49                           	(gettword(val,3))
    50                           endm
    51  0000                     tword2	macro	val
    52                           	(gettword(val,6))
    53                           endm
    54  0000                     getdword	macro	val,pos
    55                           	(((val) >> (8 * pos)) and 0xffffffff)
    56                           endm
    57  0000                     dword0	macro	val
    58                           	(getdword(val,0))
    59                           endm
    60  0000                     dword1	macro	val
    61                           	(getdword(val,4))
    62                           endm
    63  0000                     clrc	macro
    64                           	bcf	3,0
    65                           	endm
    66  0000                     clrz	macro
    67                           	bcf	3,2
    68                           	endm
    69  0000                     setc	macro
    70                           	bsf	3,0
    71                           	endm
    72  0000                     setz	macro
    73                           	bsf	3,2
    74                           	endm
    75  0000                     skipc	macro
    76                           	btfss	3,0
    77                           	endm
    78  0000                     skipz	macro
    79                           	btfss	3,2
    80                           	endm
    81  0000                     skipnc	macro
    82                           	btfsc	3,0
    83                           	endm
    84  0000                     skipnz	macro
    85                           	btfsc	3,2
    86                           	endm
    87  0000                     # 54 "C:\Program Files (x86)\Microchip\xc8\v2.00\pic\include\pic16f877.h"
    88                           INDF equ 00h ;# 
    89  0000                     # 61 "C:\Program Files (x86)\Microchip\xc8\v2.00\pic\include\pic16f877.h"
    90                           TMR0 equ 01h ;# 
    91  0001                     # 68 "C:\Program Files (x86)\Microchip\xc8\v2.00\pic\include\pic16f877.h"
    92                           PCL equ 02h ;# 
    93  0002                     # 75 "C:\Program Files (x86)\Microchip\xc8\v2.00\pic\include\pic16f877.h"
    94                           STATUS equ 03h ;# 
    95  0003                     # 161 "C:\Program Files (x86)\Microchip\xc8\v2.00\pic\include\pic16f877.h"
    96                           FSR equ 04h ;# 
    97  0004                     # 168 "C:\Program Files (x86)\Microchip\xc8\v2.00\pic\include\pic16f877.h"
    98                           PORTA equ 05h ;# 
    99  0005                     # 218 "C:\Program Files (x86)\Microchip\xc8\v2.00\pic\include\pic16f877.h"
   100                           PORTB equ 06h ;# 
   101  0006                     # 280 "C:\Program Files (x86)\Microchip\xc8\v2.00\pic\include\pic16f877.h"
   102                           PORTC equ 07h ;# 
   103  0007                     # 342 "C:\Program Files (x86)\Microchip\xc8\v2.00\pic\include\pic16f877.h"
   104                           PORTD equ 08h ;# 
   105  0008                     # 404 "C:\Program Files (x86)\Microchip\xc8\v2.00\pic\include\pic16f877.h"
   106                           PORTE equ 09h ;# 
   107  0009                     # 436 "C:\Program Files (x86)\Microchip\xc8\v2.00\pic\include\pic16f877.h"
   108                           PCLATH equ 0Ah ;# 
   109  000A                     # 456 "C:\Program Files (x86)\Microchip\xc8\v2.00\pic\include\pic16f877.h"
   110                           INTCON equ 0Bh ;# 
   111  000B                     # 534 "C:\Program Files (x86)\Microchip\xc8\v2.00\pic\include\pic16f877.h"
   112                           PIR1 equ 0Ch ;# 
   113  000C                     # 596 "C:\Program Files (x86)\Microchip\xc8\v2.00\pic\include\pic16f877.h"
   114                           PIR2 equ 0Dh ;# 
   115  000D                     # 629 "C:\Program Files (x86)\Microchip\xc8\v2.00\pic\include\pic16f877.h"
   116                           TMR1 equ 0Eh ;# 
   117  000E                     # 636 "C:\Program Files (x86)\Microchip\xc8\v2.00\pic\include\pic16f877.h"
   118                           TMR1L equ 0Eh ;# 
   119  000E                     # 643 "C:\Program Files (x86)\Microchip\xc8\v2.00\pic\include\pic16f877.h"
   120                           TMR1H equ 0Fh ;# 
   121  000F                     # 650 "C:\Program Files (x86)\Microchip\xc8\v2.00\pic\include\pic16f877.h"
   122                           T1CON equ 010h ;# 
   123  0010                     # 727 "C:\Program Files (x86)\Microchip\xc8\v2.00\pic\include\pic16f877.h"
   124                           TMR2 equ 011h ;# 
   125  0011                     # 734 "C:\Program Files (x86)\Microchip\xc8\v2.00\pic\include\pic16f877.h"
   126                           T2CON equ 012h ;# 
   127  0012                     # 805 "C:\Program Files (x86)\Microchip\xc8\v2.00\pic\include\pic16f877.h"
   128                           SSPBUF equ 013h ;# 
   129  0013                     # 812 "C:\Program Files (x86)\Microchip\xc8\v2.00\pic\include\pic16f877.h"
   130                           SSPCON equ 014h ;# 
   131  0014                     # 882 "C:\Program Files (x86)\Microchip\xc8\v2.00\pic\include\pic16f877.h"
   132                           CCPR1 equ 015h ;# 
   133  0015                     # 889 "C:\Program Files (x86)\Microchip\xc8\v2.00\pic\include\pic16f877.h"
   134                           CCPR1L equ 015h ;# 
   135  0015                     # 896 "C:\Program Files (x86)\Microchip\xc8\v2.00\pic\include\pic16f877.h"
   136                           CCPR1H equ 016h ;# 
   137  0016                     # 903 "C:\Program Files (x86)\Microchip\xc8\v2.00\pic\include\pic16f877.h"
   138                           CCP1CON equ 017h ;# 
   139  0017                     # 961 "C:\Program Files (x86)\Microchip\xc8\v2.00\pic\include\pic16f877.h"
   140                           RCSTA equ 018h ;# 
   141  0018                     # 1056 "C:\Program Files (x86)\Microchip\xc8\v2.00\pic\include\pic16f877.h"
   142                           TXREG equ 019h ;# 
   143  0019                     # 1063 "C:\Program Files (x86)\Microchip\xc8\v2.00\pic\include\pic16f877.h"
   144                           RCREG equ 01Ah ;# 
   145  001A                     # 1070 "C:\Program Files (x86)\Microchip\xc8\v2.00\pic\include\pic16f877.h"
   146                           CCPR2 equ 01Bh ;# 
   147  001B                     # 1077 "C:\Program Files (x86)\Microchip\xc8\v2.00\pic\include\pic16f877.h"
   148                           CCPR2L equ 01Bh ;# 
   149  001B                     # 1084 "C:\Program Files (x86)\Microchip\xc8\v2.00\pic\include\pic16f877.h"
   150                           CCPR2H equ 01Ch ;# 
   151  001C                     # 1091 "C:\Program Files (x86)\Microchip\xc8\v2.00\pic\include\pic16f877.h"
   152                           CCP2CON equ 01Dh ;# 
   153  001D                     # 1149 "C:\Program Files (x86)\Microchip\xc8\v2.00\pic\include\pic16f877.h"
   154                           ADRESH equ 01Eh ;# 
   155  001E                     # 1156 "C:\Program Files (x86)\Microchip\xc8\v2.00\pic\include\pic16f877.h"
   156                           ADCON0 equ 01Fh ;# 
   157  001F                     # 1252 "C:\Program Files (x86)\Microchip\xc8\v2.00\pic\include\pic16f877.h"
   158                           OPTION_REG equ 081h ;# 
   159  0081                     # 1322 "C:\Program Files (x86)\Microchip\xc8\v2.00\pic\include\pic16f877.h"
   160                           TRISA equ 085h ;# 
   161  0085                     # 1372 "C:\Program Files (x86)\Microchip\xc8\v2.00\pic\include\pic16f877.h"
   162                           TRISB equ 086h ;# 
   163  0086                     # 1434 "C:\Program Files (x86)\Microchip\xc8\v2.00\pic\include\pic16f877.h"
   164                           TRISC equ 087h ;# 
   165  0087                     # 1496 "C:\Program Files (x86)\Microchip\xc8\v2.00\pic\include\pic16f877.h"
   166                           TRISD equ 088h ;# 
   167  0088                     # 1558 "C:\Program Files (x86)\Microchip\xc8\v2.00\pic\include\pic16f877.h"
   168                           TRISE equ 089h ;# 
   169  0089                     # 1615 "C:\Program Files (x86)\Microchip\xc8\v2.00\pic\include\pic16f877.h"
   170                           PIE1 equ 08Ch ;# 
   171  008C                     # 1677 "C:\Program Files (x86)\Microchip\xc8\v2.00\pic\include\pic16f877.h"
   172                           PIE2 equ 08Dh ;# 
   173  008D                     # 1710 "C:\Program Files (x86)\Microchip\xc8\v2.00\pic\include\pic16f877.h"
   174                           PCON equ 08Eh ;# 
   175  008E                     # 1744 "C:\Program Files (x86)\Microchip\xc8\v2.00\pic\include\pic16f877.h"
   176                           SSPCON2 equ 091h ;# 
   177  0091                     # 1806 "C:\Program Files (x86)\Microchip\xc8\v2.00\pic\include\pic16f877.h"
   178                           PR2 equ 092h ;# 
   179  0092                     # 1813 "C:\Program Files (x86)\Microchip\xc8\v2.00\pic\include\pic16f877.h"
   180                           SSPADD equ 093h ;# 
   181  0093                     # 1820 "C:\Program Files (x86)\Microchip\xc8\v2.00\pic\include\pic16f877.h"
   182                           SSPSTAT equ 094h ;# 
   183  0094                     # 1989 "C:\Program Files (x86)\Microchip\xc8\v2.00\pic\include\pic16f877.h"
   184                           TXSTA equ 098h ;# 
   185  0098                     # 2070 "C:\Program Files (x86)\Microchip\xc8\v2.00\pic\include\pic16f877.h"
   186                           SPBRG equ 099h ;# 
   187  0099                     # 2077 "C:\Program Files (x86)\Microchip\xc8\v2.00\pic\include\pic16f877.h"
   188                           ADRESL equ 09Eh ;# 
   189  009E                     # 2084 "C:\Program Files (x86)\Microchip\xc8\v2.00\pic\include\pic16f877.h"
   190                           ADCON1 equ 09Fh ;# 
   191  009F                     # 2137 "C:\Program Files (x86)\Microchip\xc8\v2.00\pic\include\pic16f877.h"
   192                           EEDATA equ 010Ch ;# 
   193  010C                     # 2144 "C:\Program Files (x86)\Microchip\xc8\v2.00\pic\include\pic16f877.h"
   194                           EEADR equ 010Dh ;# 
   195  010D                     # 2151 "C:\Program Files (x86)\Microchip\xc8\v2.00\pic\include\pic16f877.h"
   196                           EEDATH equ 010Eh ;# 
   197  010E                     # 2158 "C:\Program Files (x86)\Microchip\xc8\v2.00\pic\include\pic16f877.h"
   198                           EEADRH equ 010Fh ;# 
   199  010F                     # 2165 "C:\Program Files (x86)\Microchip\xc8\v2.00\pic\include\pic16f877.h"
   200                           EECON1 equ 018Ch ;# 
   201  018C                     # 2210 "C:\Program Files (x86)\Microchip\xc8\v2.00\pic\include\pic16f877.h"
   202                           EECON2 equ 018Dh ;# 
   203  018D                     # 54 "C:\Program Files (x86)\Microchip\xc8\v2.00\pic\include\pic16f877.h"
   204                           INDF equ 00h ;# 
   205  0000                     # 61 "C:\Program Files (x86)\Microchip\xc8\v2.00\pic\include\pic16f877.h"
   206                           TMR0 equ 01h ;# 
   207  0001                     # 68 "C:\Program Files (x86)\Microchip\xc8\v2.00\pic\include\pic16f877.h"
   208                           PCL equ 02h ;# 
   209  0002                     # 75 "C:\Program Files (x86)\Microchip\xc8\v2.00\pic\include\pic16f877.h"
   210                           STATUS equ 03h ;# 
   211  0003                     # 161 "C:\Program Files (x86)\Microchip\xc8\v2.00\pic\include\pic16f877.h"
   212                           FSR equ 04h ;# 
   213  0004                     # 168 "C:\Program Files (x86)\Microchip\xc8\v2.00\pic\include\pic16f877.h"
   214                           PORTA equ 05h ;# 
   215  0005                     # 218 "C:\Program Files (x86)\Microchip\xc8\v2.00\pic\include\pic16f877.h"
   216                           PORTB equ 06h ;# 
   217  0006                     # 280 "C:\Program Files (x86)\Microchip\xc8\v2.00\pic\include\pic16f877.h"
   218                           PORTC equ 07h ;# 
   219  0007                     # 342 "C:\Program Files (x86)\Microchip\xc8\v2.00\pic\include\pic16f877.h"
   220                           PORTD equ 08h ;# 
   221  0008                     # 404 "C:\Program Files (x86)\Microchip\xc8\v2.00\pic\include\pic16f877.h"
   222                           PORTE equ 09h ;# 
   223  0009                     # 436 "C:\Program Files (x86)\Microchip\xc8\v2.00\pic\include\pic16f877.h"
   224                           PCLATH equ 0Ah ;# 
   225  000A                     # 456 "C:\Program Files (x86)\Microchip\xc8\v2.00\pic\include\pic16f877.h"
   226                           INTCON equ 0Bh ;# 
   227  000B                     # 534 "C:\Program Files (x86)\Microchip\xc8\v2.00\pic\include\pic16f877.h"
   228                           PIR1 equ 0Ch ;# 
   229  000C                     # 596 "C:\Program Files (x86)\Microchip\xc8\v2.00\pic\include\pic16f877.h"
   230                           PIR2 equ 0Dh ;# 
   231  000D                     # 629 "C:\Program Files (x86)\Microchip\xc8\v2.00\pic\include\pic16f877.h"
   232                           TMR1 equ 0Eh ;# 
   233  000E                     # 636 "C:\Program Files (x86)\Microchip\xc8\v2.00\pic\include\pic16f877.h"
   234                           TMR1L equ 0Eh ;# 
   235  000E                     # 643 "C:\Program Files (x86)\Microchip\xc8\v2.00\pic\include\pic16f877.h"
   236                           TMR1H equ 0Fh ;# 
   237  000F                     # 650 "C:\Program Files (x86)\Microchip\xc8\v2.00\pic\include\pic16f877.h"
   238                           T1CON equ 010h ;# 
   239  0010                     # 727 "C:\Program Files (x86)\Microchip\xc8\v2.00\pic\include\pic16f877.h"
   240                           TMR2 equ 011h ;# 
   241  0011                     # 734 "C:\Program Files (x86)\Microchip\xc8\v2.00\pic\include\pic16f877.h"
   242                           T2CON equ 012h ;# 
   243  0012                     # 805 "C:\Program Files (x86)\Microchip\xc8\v2.00\pic\include\pic16f877.h"
   244                           SSPBUF equ 013h ;# 
   245  0013                     # 812 "C:\Program Files (x86)\Microchip\xc8\v2.00\pic\include\pic16f877.h"
   246                           SSPCON equ 014h ;# 
   247  0014                     # 882 "C:\Program Files (x86)\Microchip\xc8\v2.00\pic\include\pic16f877.h"
   248                           CCPR1 equ 015h ;# 
   249  0015                     # 889 "C:\Program Files (x86)\Microchip\xc8\v2.00\pic\include\pic16f877.h"
   250                           CCPR1L equ 015h ;# 
   251  0015                     # 896 "C:\Program Files (x86)\Microchip\xc8\v2.00\pic\include\pic16f877.h"
   252                           CCPR1H equ 016h ;# 
   253  0016                     # 903 "C:\Program Files (x86)\Microchip\xc8\v2.00\pic\include\pic16f877.h"
   254                           CCP1CON equ 017h ;# 
   255  0017                     # 961 "C:\Program Files (x86)\Microchip\xc8\v2.00\pic\include\pic16f877.h"
   256                           RCSTA equ 018h ;# 
   257  0018                     # 1056 "C:\Program Files (x86)\Microchip\xc8\v2.00\pic\include\pic16f877.h"
   258                           TXREG equ 019h ;# 
   259  0019                     # 1063 "C:\Program Files (x86)\Microchip\xc8\v2.00\pic\include\pic16f877.h"
   260                           RCREG equ 01Ah ;# 
   261  001A                     # 1070 "C:\Program Files (x86)\Microchip\xc8\v2.00\pic\include\pic16f877.h"
   262                           CCPR2 equ 01Bh ;# 
   263  001B                     # 1077 "C:\Program Files (x86)\Microchip\xc8\v2.00\pic\include\pic16f877.h"
   264                           CCPR2L equ 01Bh ;# 
   265  001B                     # 1084 "C:\Program Files (x86)\Microchip\xc8\v2.00\pic\include\pic16f877.h"
   266                           CCPR2H equ 01Ch ;# 
   267  001C                     # 1091 "C:\Program Files (x86)\Microchip\xc8\v2.00\pic\include\pic16f877.h"
   268                           CCP2CON equ 01Dh ;# 
   269  001D                     # 1149 "C:\Program Files (x86)\Microchip\xc8\v2.00\pic\include\pic16f877.h"
   270                           ADRESH equ 01Eh ;# 
   271  001E                     # 1156 "C:\Program Files (x86)\Microchip\xc8\v2.00\pic\include\pic16f877.h"
   272                           ADCON0 equ 01Fh ;# 
   273  001F                     # 1252 "C:\Program Files (x86)\Microchip\xc8\v2.00\pic\include\pic16f877.h"
   274                           OPTION_REG equ 081h ;# 
   275  0081                     # 1322 "C:\Program Files (x86)\Microchip\xc8\v2.00\pic\include\pic16f877.h"
   276                           TRISA equ 085h ;# 
   277  0085                     # 1372 "C:\Program Files (x86)\Microchip\xc8\v2.00\pic\include\pic16f877.h"
   278                           TRISB equ 086h ;# 
   279  0086                     # 1434 "C:\Program Files (x86)\Microchip\xc8\v2.00\pic\include\pic16f877.h"
   280                           TRISC equ 087h ;# 
   281  0087                     # 1496 "C:\Program Files (x86)\Microchip\xc8\v2.00\pic\include\pic16f877.h"
   282                           TRISD equ 088h ;# 
   283  0088                     # 1558 "C:\Program Files (x86)\Microchip\xc8\v2.00\pic\include\pic16f877.h"
   284                           TRISE equ 089h ;# 
   285  0089                     # 1615 "C:\Program Files (x86)\Microchip\xc8\v2.00\pic\include\pic16f877.h"
   286                           PIE1 equ 08Ch ;# 
   287  008C                     # 1677 "C:\Program Files (x86)\Microchip\xc8\v2.00\pic\include\pic16f877.h"
   288                           PIE2 equ 08Dh ;# 
   289  008D                     # 1710 "C:\Program Files (x86)\Microchip\xc8\v2.00\pic\include\pic16f877.h"
   290                           PCON equ 08Eh ;# 
   291  008E                     # 1744 "C:\Program Files (x86)\Microchip\xc8\v2.00\pic\include\pic16f877.h"
   292                           SSPCON2 equ 091h ;# 
   293  0091                     # 1806 "C:\Program Files (x86)\Microchip\xc8\v2.00\pic\include\pic16f877.h"
   294                           PR2 equ 092h ;# 
   295  0092                     # 1813 "C:\Program Files (x86)\Microchip\xc8\v2.00\pic\include\pic16f877.h"
   296                           SSPADD equ 093h ;# 
   297  0093                     # 1820 "C:\Program Files (x86)\Microchip\xc8\v2.00\pic\include\pic16f877.h"
   298                           SSPSTAT equ 094h ;# 
   299  0094                     # 1989 "C:\Program Files (x86)\Microchip\xc8\v2.00\pic\include\pic16f877.h"
   300                           TXSTA equ 098h ;# 
   301  0098                     # 2070 "C:\Program Files (x86)\Microchip\xc8\v2.00\pic\include\pic16f877.h"
   302                           SPBRG equ 099h ;# 
   303  0099                     # 2077 "C:\Program Files (x86)\Microchip\xc8\v2.00\pic\include\pic16f877.h"
   304                           ADRESL equ 09Eh ;# 
   305  009E                     # 2084 "C:\Program Files (x86)\Microchip\xc8\v2.00\pic\include\pic16f877.h"
   306                           ADCON1 equ 09Fh ;# 
   307  009F                     # 2137 "C:\Program Files (x86)\Microchip\xc8\v2.00\pic\include\pic16f877.h"
   308                           EEDATA equ 010Ch ;# 
   309  010C                     # 2144 "C:\Program Files (x86)\Microchip\xc8\v2.00\pic\include\pic16f877.h"
   310                           EEADR equ 010Dh ;# 
   311  010D                     # 2151 "C:\Program Files (x86)\Microchip\xc8\v2.00\pic\include\pic16f877.h"
   312                           EEDATH equ 010Eh ;# 
   313  010E                     # 2158 "C:\Program Files (x86)\Microchip\xc8\v2.00\pic\include\pic16f877.h"
   314                           EEADRH equ 010Fh ;# 
   315  010F                     # 2165 "C:\Program Files (x86)\Microchip\xc8\v2.00\pic\include\pic16f877.h"
   316                           EECON1 equ 018Ch ;# 
   317  018C                     # 2210 "C:\Program Files (x86)\Microchip\xc8\v2.00\pic\include\pic16f877.h"
   318                           EECON2 equ 018Dh ;# 
   319  018D                     # 54 "C:\Program Files (x86)\Microchip\xc8\v2.00\pic\include\pic16f877.h"
   320                           INDF equ 00h ;# 
   321  0000                     # 61 "C:\Program Files (x86)\Microchip\xc8\v2.00\pic\include\pic16f877.h"
   322                           TMR0 equ 01h ;# 
   323  0001                     # 68 "C:\Program Files (x86)\Microchip\xc8\v2.00\pic\include\pic16f877.h"
   324                           PCL equ 02h ;# 
   325  0002                     # 75 "C:\Program Files (x86)\Microchip\xc8\v2.00\pic\include\pic16f877.h"
   326                           STATUS equ 03h ;# 
   327  0003                     # 161 "C:\Program Files (x86)\Microchip\xc8\v2.00\pic\include\pic16f877.h"
   328                           FSR equ 04h ;# 
   329  0004                     # 168 "C:\Program Files (x86)\Microchip\xc8\v2.00\pic\include\pic16f877.h"
   330                           PORTA equ 05h ;# 
   331  0005                     # 218 "C:\Program Files (x86)\Microchip\xc8\v2.00\pic\include\pic16f877.h"
   332                           PORTB equ 06h ;# 
   333  0006                     # 280 "C:\Program Files (x86)\Microchip\xc8\v2.00\pic\include\pic16f877.h"
   334                           PORTC equ 07h ;# 
   335  0007                     # 342 "C:\Program Files (x86)\Microchip\xc8\v2.00\pic\include\pic16f877.h"
   336                           PORTD equ 08h ;# 
   337  0008                     # 404 "C:\Program Files (x86)\Microchip\xc8\v2.00\pic\include\pic16f877.h"
   338                           PORTE equ 09h ;# 
   339  0009                     # 436 "C:\Program Files (x86)\Microchip\xc8\v2.00\pic\include\pic16f877.h"
   340                           PCLATH equ 0Ah ;# 
   341  000A                     # 456 "C:\Program Files (x86)\Microchip\xc8\v2.00\pic\include\pic16f877.h"
   342                           INTCON equ 0Bh ;# 
   343  000B                     # 534 "C:\Program Files (x86)\Microchip\xc8\v2.00\pic\include\pic16f877.h"
   344                           PIR1 equ 0Ch ;# 
   345  000C                     # 596 "C:\Program Files (x86)\Microchip\xc8\v2.00\pic\include\pic16f877.h"
   346                           PIR2 equ 0Dh ;# 
   347  000D                     # 629 "C:\Program Files (x86)\Microchip\xc8\v2.00\pic\include\pic16f877.h"
   348                           TMR1 equ 0Eh ;# 
   349  000E                     # 636 "C:\Program Files (x86)\Microchip\xc8\v2.00\pic\include\pic16f877.h"
   350                           TMR1L equ 0Eh ;# 
   351  000E                     # 643 "C:\Program Files (x86)\Microchip\xc8\v2.00\pic\include\pic16f877.h"
   352                           TMR1H equ 0Fh ;# 
   353  000F                     # 650 "C:\Program Files (x86)\Microchip\xc8\v2.00\pic\include\pic16f877.h"
   354                           T1CON equ 010h ;# 
   355  0010                     # 727 "C:\Program Files (x86)\Microchip\xc8\v2.00\pic\include\pic16f877.h"
   356                           TMR2 equ 011h ;# 
   357  0011                     # 734 "C:\Program Files (x86)\Microchip\xc8\v2.00\pic\include\pic16f877.h"
   358                           T2CON equ 012h ;# 
   359  0012                     # 805 "C:\Program Files (x86)\Microchip\xc8\v2.00\pic\include\pic16f877.h"
   360                           SSPBUF equ 013h ;# 
   361  0013                     # 812 "C:\Program Files (x86)\Microchip\xc8\v2.00\pic\include\pic16f877.h"
   362                           SSPCON equ 014h ;# 
   363  0014                     # 882 "C:\Program Files (x86)\Microchip\xc8\v2.00\pic\include\pic16f877.h"
   364                           CCPR1 equ 015h ;# 
   365  0015                     # 889 "C:\Program Files (x86)\Microchip\xc8\v2.00\pic\include\pic16f877.h"
   366                           CCPR1L equ 015h ;# 
   367  0015                     # 896 "C:\Program Files (x86)\Microchip\xc8\v2.00\pic\include\pic16f877.h"
   368                           CCPR1H equ 016h ;# 
   369  0016                     # 903 "C:\Program Files (x86)\Microchip\xc8\v2.00\pic\include\pic16f877.h"
   370                           CCP1CON equ 017h ;# 
   371  0017                     # 961 "C:\Program Files (x86)\Microchip\xc8\v2.00\pic\include\pic16f877.h"
   372                           RCSTA equ 018h ;# 
   373  0018                     # 1056 "C:\Program Files (x86)\Microchip\xc8\v2.00\pic\include\pic16f877.h"
   374                           TXREG equ 019h ;# 
   375  0019                     # 1063 "C:\Program Files (x86)\Microchip\xc8\v2.00\pic\include\pic16f877.h"
   376                           RCREG equ 01Ah ;# 
   377  001A                     # 1070 "C:\Program Files (x86)\Microchip\xc8\v2.00\pic\include\pic16f877.h"
   378                           CCPR2 equ 01Bh ;# 
   379  001B                     # 1077 "C:\Program Files (x86)\Microchip\xc8\v2.00\pic\include\pic16f877.h"
   380                           CCPR2L equ 01Bh ;# 
   381  001B                     # 1084 "C:\Program Files (x86)\Microchip\xc8\v2.00\pic\include\pic16f877.h"
   382                           CCPR2H equ 01Ch ;# 
   383  001C                     # 1091 "C:\Program Files (x86)\Microchip\xc8\v2.00\pic\include\pic16f877.h"
   384                           CCP2CON equ 01Dh ;# 
   385  001D                     # 1149 "C:\Program Files (x86)\Microchip\xc8\v2.00\pic\include\pic16f877.h"
   386                           ADRESH equ 01Eh ;# 
   387  001E                     # 1156 "C:\Program Files (x86)\Microchip\xc8\v2.00\pic\include\pic16f877.h"
   388                           ADCON0 equ 01Fh ;# 
   389  001F                     # 1252 "C:\Program Files (x86)\Microchip\xc8\v2.00\pic\include\pic16f877.h"
   390                           OPTION_REG equ 081h ;# 
   391  0081                     # 1322 "C:\Program Files (x86)\Microchip\xc8\v2.00\pic\include\pic16f877.h"
   392                           TRISA equ 085h ;# 
   393  0085                     # 1372 "C:\Program Files (x86)\Microchip\xc8\v2.00\pic\include\pic16f877.h"
   394                           TRISB equ 086h ;# 
   395  0086                     # 1434 "C:\Program Files (x86)\Microchip\xc8\v2.00\pic\include\pic16f877.h"
   396                           TRISC equ 087h ;# 
   397  0087                     # 1496 "C:\Program Files (x86)\Microchip\xc8\v2.00\pic\include\pic16f877.h"
   398                           TRISD equ 088h ;# 
   399  0088                     # 1558 "C:\Program Files (x86)\Microchip\xc8\v2.00\pic\include\pic16f877.h"
   400                           TRISE equ 089h ;# 
   401  0089                     # 1615 "C:\Program Files (x86)\Microchip\xc8\v2.00\pic\include\pic16f877.h"
   402                           PIE1 equ 08Ch ;# 
   403  008C                     # 1677 "C:\Program Files (x86)\Microchip\xc8\v2.00\pic\include\pic16f877.h"
   404                           PIE2 equ 08Dh ;# 
   405  008D                     # 1710 "C:\Program Files (x86)\Microchip\xc8\v2.00\pic\include\pic16f877.h"
   406                           PCON equ 08Eh ;# 
   407  008E                     # 1744 "C:\Program Files (x86)\Microchip\xc8\v2.00\pic\include\pic16f877.h"
   408                           SSPCON2 equ 091h ;# 
   409  0091                     # 1806 "C:\Program Files (x86)\Microchip\xc8\v2.00\pic\include\pic16f877.h"
   410                           PR2 equ 092h ;# 
   411  0092                     # 1813 "C:\Program Files (x86)\Microchip\xc8\v2.00\pic\include\pic16f877.h"
   412                           SSPADD equ 093h ;# 
   413  0093                     # 1820 "C:\Program Files (x86)\Microchip\xc8\v2.00\pic\include\pic16f877.h"
   414                           SSPSTAT equ 094h ;# 
   415  0094                     # 1989 "C:\Program Files (x86)\Microchip\xc8\v2.00\pic\include\pic16f877.h"
   416                           TXSTA equ 098h ;# 
   417  0098                     # 2070 "C:\Program Files (x86)\Microchip\xc8\v2.00\pic\include\pic16f877.h"
   418                           SPBRG equ 099h ;# 
   419  0099                     # 2077 "C:\Program Files (x86)\Microchip\xc8\v2.00\pic\include\pic16f877.h"
   420                           ADRESL equ 09Eh ;# 
   421  009E                     # 2084 "C:\Program Files (x86)\Microchip\xc8\v2.00\pic\include\pic16f877.h"
   422                           ADCON1 equ 09Fh ;# 
   423  009F                     # 2137 "C:\Program Files (x86)\Microchip\xc8\v2.00\pic\include\pic16f877.h"
   424                           EEDATA equ 010Ch ;# 
   425  010C                     # 2144 "C:\Program Files (x86)\Microchip\xc8\v2.00\pic\include\pic16f877.h"
   426                           EEADR equ 010Dh ;# 
   427  010D                     # 2151 "C:\Program Files (x86)\Microchip\xc8\v2.00\pic\include\pic16f877.h"
   428                           EEDATH equ 010Eh ;# 
   429  010E                     # 2158 "C:\Program Files (x86)\Microchip\xc8\v2.00\pic\include\pic16f877.h"
   430                           EEADRH equ 010Fh ;# 
   431  010F                     # 2165 "C:\Program Files (x86)\Microchip\xc8\v2.00\pic\include\pic16f877.h"
   432                           EECON1 equ 018Ch ;# 
   433  018C                     # 2210 "C:\Program Files (x86)\Microchip\xc8\v2.00\pic\include\pic16f877.h"
   434                           EECON2 equ 018Dh ;# 
   435  018D                     	FNCALL	_main,_loop
   436                           	FNCALL	_main,_setup
   437                           	FNROOT	_main
   438                           ; #config settings
   439                           global __CFG_FOSC$HS
   440                           __CFG_FOSC$HS equ 0x0
   441  0000                     global __CFG_WDTE$OFF
   442                           __CFG_WDTE$OFF equ 0x0
   443  0000                     global __CFG_PWRTE$OFF
   444                           __CFG_PWRTE$OFF equ 0x0
   445  0000                     global __CFG_CP$OFF
   446                           __CFG_CP$OFF equ 0x0
   447  0000                     global __CFG_BOREN$OFF
   448                           __CFG_BOREN$OFF equ 0x0
   449  0000                     global __CFG_LVP$OFF
   450                           __CFG_LVP$OFF equ 0x0
   451  0000                     global __CFG_CPD$OFF
   452                           __CFG_CPD$OFF equ 0x0
   453  0000                     global __CFG_WRT$ON
   454                           __CFG_WRT$ON equ 0x0
   455  0000                     	file	"C:\Users\CARLOS~1\AppData\Local\Temp\s1p0."
   456                           	line	#
   457                           psect cinit,class=CODE,delta=2
   458                           global start_initialization
   459                           start_initialization:
   460  07FC                     
   461                           global __initialization
   462                           __initialization:
   463  07FC                     psect cinit,class=CODE,delta=2,merge=1
   464                           global end_of_initialization,__end_of__initialization
   465                           
   466                           ;End of C runtime variable initialization code
   467                           
   468                           end_of_initialization:
   469  07FC                     __end_of__initialization:
   470  07FC                     clrf status
   471  07FC  0183               ljmp _main	;jump to C main() function
   472  07FD  120A  118A  2FED   psect	cstackCOMMON,class=COMMON,space=1,noexec
   473                           global __pcstackCOMMON
   474                           __pcstackCOMMON:
   475  0000                     ?_setup:	; 1 bytes @ 0x0
   476  0000                     ??_setup:	; 1 bytes @ 0x0
   477  0000                     ?_loop:	; 1 bytes @ 0x0
   478  0000                     ??_loop:	; 1 bytes @ 0x0
   479  0000                     ??_main:	; 1 bytes @ 0x0
   480  0000                     ?_main:	; 2 bytes @ 0x0
   481  0000                     ;!
   482                           ;!Data Sizes:
   483                           ;!    Strings     0
   484                           ;!    Constant    0
   485                           ;!    Data        0
   486                           ;!    BSS         0
   487                           ;!    Persistent  0
   488                           ;!    Stack       0
   489                           ;!
   490                           ;!Auto Spaces:
   491                           ;!    Space          Size  Autos    Used
   492                           ;!    COMMON           14      0       0
   493                           ;!    BANK0            80      0       0
   494                           ;!    BANK1            80      0       0
   495                           ;!    BANK3            96      0       0
   496                           ;!    BANK2            96      0       0
   497                           
   498                           ;!
   499                           ;!Pointer List with Targets:
   500                           ;!
   501                           ;!    None.
   502                           
   503                           
   504                           ;!
   505                           ;!Critical Paths under _main in COMMON
   506                           ;!
   507                           ;!    None.
   508                           ;!
   509                           ;!Critical Paths under _main in BANK0
   510                           ;!
   511                           ;!    None.
   512                           ;!
   513                           ;!Critical Paths under _main in BANK1
   514                           ;!
   515                           ;!    None.
   516                           ;!
   517                           ;!Critical Paths under _main in BANK3
   518                           ;!
   519                           ;!    None.
   520                           ;!
   521                           ;!Critical Paths under _main in BANK2
   522                           ;!
   523                           ;!    None.
   524                           
   525 ;;
   526 ;;Main: autosize = 0, tempsize = 0, incstack = 0, save=0
   527 ;;
   528                           
   529                           ;!
   530                           ;!Call Graph Tables:
   531                           ;!
   532                           ;! ---------------------------------------------------------------------------------
   533                           ;! (Depth) Function   	        Calls       Base Space   Used Autos Params    Refs
   534                           ;! ---------------------------------------------------------------------------------
   535                           ;! (0) _main                                                 0     0      0       0
   536                           ;!                               _loop
   537                           ;!                              _setup
   538                           ;! ---------------------------------------------------------------------------------
   539                           ;! (1) _setup                                                0     0      0       0
   540                           ;! ---------------------------------------------------------------------------------
   541                           ;! (1) _loop                                                 0     0      0       0
   542                           ;! ---------------------------------------------------------------------------------
   543                           ;! Estimated maximum stack depth 1
   544                           ;! ---------------------------------------------------------------------------------
   545                           ;!
   546                           ;! Call Graph Graphs:
   547                           ;!
   548                           ;! _main (ROOT)
   549                           ;!   _loop
   550                           ;!   _setup
   551                           ;!
   552                           
   553                           ;! Address spaces:
   554                           
   555                           ;!Name               Size   Autos  Total    Cost      Usage
   556                           ;!BITCOMMON            E      0       0       0        0.0%
   557                           ;!EEDATA             100      0       0       0        0.0%
   558                           ;!NULL                 0      0       0       0        0.0%
   559                           ;!CODE                 0      0       0       0        0.0%
   560                           ;!COMMON               E      0       0       1        0.0%
   561                           ;!BITSFR0              0      0       0       1        0.0%
   562                           ;!SFR0                 0      0       0       1        0.0%
   563                           ;!BITSFR1              0      0       0       2        0.0%
   564                           ;!SFR1                 0      0       0       2        0.0%
   565                           ;!STACK                0      0       0       2        0.0%
   566                           ;!ABS                  0      0       0       3        0.0%
   567                           ;!BITBANK0            50      0       0       4        0.0%
   568                           ;!BITSFR3              0      0       0       4        0.0%
   569                           ;!SFR3                 0      0       0       4        0.0%
   570                           ;!BANK0               50      0       0       5        0.0%
   571                           ;!BITSFR2              0      0       0       5        0.0%
   572                           ;!SFR2                 0      0       0       5        0.0%
   573                           ;!BITBANK1            50      0       0       6        0.0%
   574                           ;!BANK1               50      0       0       7        0.0%
   575                           ;!BITBANK3            60      0       0       8        0.0%
   576                           ;!BANK3               60      0       0       9        0.0%
   577                           ;!BITBANK2            60      0       0      10        0.0%
   578                           ;!BANK2               60      0       0      11        0.0%
   579                           ;!DATA                 0      0       0      12        0.0%
   580                           
   581                           	global	_main
   582                           
   583 ;; *************** function _main *****************
   584 ;; Defined at:
   585 ;;		line 5 in file "procedures.c"
   586 ;; Parameters:    Size  Location     Type
   587 ;;		None
   588 ;; Auto vars:     Size  Location     Type
   589 ;;		None
   590 ;; Return value:  Size  Location     Type
   591 ;;                  2   14[None  ] int 
   592 ;; Registers used:
   593 ;;		status,2, status,0, pclath, cstack
   594 ;; Tracked objects:
   595 ;;		On entry : B00/0
   596 ;;		On exit  : 0/0
   597 ;;		Unchanged: 0/0
   598 ;; Data sizes:     COMMON   BANK0   BANK1   BANK3   BANK2
   599 ;;      Params:         0       0       0       0       0
   600 ;;      Locals:         0       0       0       0       0
   601 ;;      Temps:          0       0       0       0       0
   602 ;;      Totals:         0       0       0       0       0
   603 ;;Total ram usage:        0 bytes
   604 ;; Hardware stack levels required when called:    1
   605 ;; This function calls:
   606 ;;		_loop
   607 ;;		_setup
   608 ;; This function is called by:
   609 ;;		Startup code after reset
   610 ;; This function uses a non-reentrant model
   611 ;;
   612                           psect	maintext,global,class=CODE,delta=2,split=1,group=0
   613                           	file	"procedures.c"
   614                           	line	5
   615                           global __pmaintext
   616                           __pmaintext:	;psect for function _main
   617  07ED                     psect	maintext
   618                           	file	"procedures.c"
   619                           	line	5
   620                           	global	__size_of_main
   621                           	__size_of_main	equ	__end_of_main-_main
   622  000F                     	
   623                           _main:	
   624  07ED                     ;incstack = 0
   625                           	opt	stack 7
   626                           ; Regs used in _main: [status,2+status,0+pclath+cstack]
   627                           	line	7
   628                           	
   629                           l591:	
   630  07ED                     ;procedures.c: 7:     setup();
   631                           	fcall	_setup
   632  07ED  120A  118A  27EC  120A  118A  	line	8
   633                           ;procedures.c: 8:     while(1)
   634                           	
   635                           l15:	
   636  07F2                     	line	10
   637                           ;procedures.c: 9:     {;procedures.c: 10:         loop();
   638                           	fcall	_loop
   639  07F2  120A  118A  27EB  120A  118A  	goto	l15
   640  07F7  2FF2               	line	11
   641                           ;procedures.c: 11:     }
   642                           	
   643                           l16:	
   644  07F8                     	goto	l15
   645  07F8  2FF2               	
   646                           l17:	
   647  07F9                     	line	13
   648                           ;procedures.c: 12:     return 0;;	Return value of _main is never used
   649                           	
   650                           l18:	
   651  07F9                     	global	start
   652                           	ljmp	start
   653  07F9  120A  118A  2800   	opt stack 0
   654                           GLOBAL	__end_of_main
   655                           	__end_of_main:
   656  07FC                     	signat	_main,90
   657                           	global	_setup
   658                           
   659 ;; *************** function _setup *****************
   660 ;; Defined at:
   661 ;;		line 3 in file "application.c"
   662 ;; Parameters:    Size  Location     Type
   663 ;;		None
   664 ;; Auto vars:     Size  Location     Type
   665 ;;		None
   666 ;; Return value:  Size  Location     Type
   667 ;;                  1    wreg      void 
   668 ;; Registers used:
   669 ;;		None
   670 ;; Tracked objects:
   671 ;;		On entry : 0/0
   672 ;;		On exit  : 0/0
   673 ;;		Unchanged: 0/0
   674 ;; Data sizes:     COMMON   BANK0   BANK1   BANK3   BANK2
   675 ;;      Params:         0       0       0       0       0
   676 ;;      Locals:         0       0       0       0       0
   677 ;;      Temps:          0       0       0       0       0
   678 ;;      Totals:         0       0       0       0       0
   679 ;;Total ram usage:        0 bytes
   680 ;; Hardware stack levels used:    1
   681 ;; This function calls:
   682 ;;		Nothing
   683 ;; This function is called by:
   684 ;;		_main
   685 ;; This function uses a non-reentrant model
   686 ;;
   687                           psect	text1,local,class=CODE,delta=2,merge=1,group=0
   688                           	file	"application.c"
   689                           	line	3
   690                           global __ptext1
   691                           __ptext1:	;psect for function _setup
   692  07EC                     psect	text1
   693                           	file	"application.c"
   694                           	line	3
   695                           	global	__size_of_setup
   696                           	__size_of_setup	equ	__end_of_setup-_setup
   697  0001                     	
   698                           _setup:	
   699  07EC                     ;incstack = 0
   700                           	opt	stack 7
   701                           ; Regs used in _setup: []
   702                           	line	6
   703                           	
   704                           l3:	
   705  07EC                     	return
   706  07EC  0008               	opt stack 0
   707                           GLOBAL	__end_of_setup
   708                           	__end_of_setup:
   709  07ED                     	signat	_setup,89
   710                           	global	_loop
   711                           
   712 ;; *************** function _loop *****************
   713 ;; Defined at:
   714 ;;		line 8 in file "application.c"
   715 ;; Parameters:    Size  Location     Type
   716 ;;		None
   717 ;; Auto vars:     Size  Location     Type
   718 ;;		None
   719 ;; Return value:  Size  Location     Type
   720 ;;                  1    wreg      void 
   721 ;; Registers used:
   722 ;;		None
   723 ;; Tracked objects:
   724 ;;		On entry : 0/0
   725 ;;		On exit  : 0/0
   726 ;;		Unchanged: 0/0
   727 ;; Data sizes:     COMMON   BANK0   BANK1   BANK3   BANK2
   728 ;;      Params:         0       0       0       0       0
   729 ;;      Locals:         0       0       0       0       0
   730 ;;      Temps:          0       0       0       0       0
   731 ;;      Totals:         0       0       0       0       0
   732 ;;Total ram usage:        0 bytes
   733 ;; Hardware stack levels used:    1
   734 ;; This function calls:
   735 ;;		Nothing
   736 ;; This function is called by:
   737 ;;		_main
   738 ;; This function uses a non-reentrant model
   739 ;;
   740                           psect	text2,local,class=CODE,delta=2,merge=1,group=0
   741                           	line	8
   742                           global __ptext2
   743                           __ptext2:	;psect for function _loop
   744  07EB                     psect	text2
   745                           	file	"application.c"
   746                           	line	8
   747                           	global	__size_of_loop
   748                           	__size_of_loop	equ	__end_of_loop-_loop
   749  0001                     	
   750                           _loop:	
   751  07EB                     ;incstack = 0
   752                           	opt	stack 7
   753                           ; Regs used in _loop: []
   754                           	line	11
   755                           	
   756                           l6:	
   757  07EB                     	return
   758  07EB  0008               	opt stack 0
   759                           GLOBAL	__end_of_loop
   760                           	__end_of_loop:
   761  07EC                     	signat	_loop,89
   762                           global	___latbits
   763                           ___latbits	equ	2
   764  0002                     	global	btemp
   765                           	btemp set 07Eh
   766  007E                     
   767                           	DABS	1,126,2	;btemp
   768                           	global	wtemp0
   769                           	wtemp0 set btemp+0
   770  007E                     	end


Data Sizes:
    Strings     0
    Constant    0
    Data        0
    BSS         0
    Persistent  0
    Stack       0

Auto Spaces:
    Space          Size  Autos    Used
    COMMON           14      0       0
    BANK0            80      0       0
    BANK1            80      0       0
    BANK3            96      0       0
    BANK2            96      0       0

Pointer List with Targets:

    None.

Critical Paths under _main in COMMON

    None.

Critical Paths under _main in BANK0

    None.

Critical Paths under _main in BANK1

    None.

Critical Paths under _main in BANK3

    None.

Critical Paths under _main in BANK2

    None.

Call Graph Tables:

 ---------------------------------------------------------------------------------
 (Depth) Function   	        Calls       Base Space   Used Autos Params    Refs
 ---------------------------------------------------------------------------------
 (0) _main                                                 0     0      0       0
                               _loop
                              _setup
 ---------------------------------------------------------------------------------
 (1) _setup                                                0     0      0       0
 ---------------------------------------------------------------------------------
 (1) _loop                                                 0     0      0       0
 ---------------------------------------------------------------------------------
 Estimated maximum stack depth 1
 ---------------------------------------------------------------------------------

 Call Graph Graphs:

 _main (ROOT)
   _loop
   _setup

 Address spaces:
Name               Size   Autos  Total    Cost      Usage
BITCOMMON            E      0       0       0        0.0%
EEDATA             100      0       0       0        0.0%
NULL                 0      0       0       0        0.0%
CODE                 0      0       0       0        0.0%
COMMON               E      0       0       1        0.0%
BITSFR0              0      0       0       1        0.0%
SFR0                 0      0       0       1        0.0%
BITSFR1              0      0       0       2        0.0%
SFR1                 0      0       0       2        0.0%
STACK                0      0       0       2        0.0%
ABS                  0      0       0       3        0.0%
BITBANK0            50      0       0       4        0.0%
BITSFR3              0      0       0       4        0.0%
SFR3                 0      0       0       4        0.0%
BANK0               50      0       0       5        0.0%
BITSFR2              0      0       0       5        0.0%
SFR2                 0      0       0       5        0.0%
BITBANK1            50      0       0       6        0.0%
BANK1               50      0       0       7        0.0%
BITBANK3            60      0       0       8        0.0%
BANK3               60      0       0       9        0.0%
BITBANK2            60      0       0      10        0.0%
BANK2               60      0       0      11        0.0%
DATA                 0      0       0      12        0.0%


Microchip Technology PIC Macro Assembler V2.00 build -1524193055 
Symbol Table                                                                                   Mon Sep 03 00:56:34 2018

                      l3 07EC                        l6 07EB              __CFG_CP$OFF 0000  
                     l15 07F2                       l16 07F8                       l17 07F9  
                     l18 07F9                      l591 07ED             __CFG_CPD$OFF 0000  
            __CFG_WRT$ON 0000             __CFG_FOSC$HS 0000             __CFG_LVP$OFF 0000  
                   _main 07ED                     _loop 07EB                     btemp 007E  
                   start 0000                    ?_main 0000                    ?_loop 0000  
          __CFG_WDTE$OFF 0000                    _setup 07EC           __CFG_BOREN$OFF 0000  
                  status 0003                    wtemp0 007E          __initialization 07FC  
           __end_of_main 07FC             __end_of_loop 07EC                   ??_main 0000  
                 ??_loop 0000                   ?_setup 0000           __CFG_PWRTE$OFF 0000  
__end_of__initialization 07FC           __pcstackCOMMON 0000            __end_of_setup 07ED  
                ??_setup 0000               __pmaintext 07ED                  __ptext1 07EC  
                __ptext2 07EB     end_of_initialization 07FC      start_initialization 07FC  
              ___latbits 0002           __size_of_setup 0001            __size_of_main 000F  
          __size_of_loop 0001  
